{"/Users/juanjoseortiz/Desktop/mi-primera-app-en-expo-cf/src/components/BadScrollExample.tsx": {"path":"/Users/juanjoseortiz/Desktop/mi-primera-app-en-expo-cf/src/components/BadScrollExample.tsx","statementMap":{"0":{"start":{"line":5,"column":28},"end":{"line":5,"column":47}},"1":{"start":{"line":6,"column":32},"end":{"line":6,"column":46}},"2":{"start":{"line":8,"column":2},"end":{"line":21,"column":9}},"3":{"start":{"line":10,"column":4},"end":{"line":17,"column":9}},"4":{"start":{"line":11,"column":21},"end":{"line":11,"column":31}},"5":{"start":{"line":14,"column":25},"end":{"line":14,"column":52}},"6":{"start":{"line":15,"column":8},"end":{"line":15,"column":27}},"7":{"start":{"line":16,"column":8},"end":{"line":16,"column":26}},"8":{"start":{"line":24,"column":2},"end":{"line":30,"column":3}},"9":{"start":{"line":25,"column":4},"end":{"line":29,"column":6}},"10":{"start":{"line":32,"column":2},"end":{"line":42,"column":4}},"11":{"start":{"line":36,"column":8},"end":{"line":39,"column":15}}},"fnMap":{"0":{"name":"BadScrollExample","decl":{"start":{"line":4,"column":24},"end":{"line":4,"column":40}},"loc":{"start":{"line":4,"column":43},"end":{"line":43,"column":1}},"line":4},"1":{"name":"(anonymous_1)","decl":{"start":{"line":8,"column":12},"end":{"line":8,"column":13}},"loc":{"start":{"line":8,"column":18},"end":{"line":21,"column":3}},"line":8},"2":{"name":"(anonymous_2)","decl":{"start":{"line":11,"column":12},"end":{"line":11,"column":13}},"loc":{"start":{"line":11,"column":21},"end":{"line":11,"column":31}},"line":11},"3":{"name":"(anonymous_3)","decl":{"start":{"line":12,"column":12},"end":{"line":12,"column":13}},"loc":{"start":{"line":12,"column":22},"end":{"line":17,"column":7}},"line":12},"4":{"name":"(anonymous_4)","decl":{"start":{"line":35,"column":17},"end":{"line":35,"column":18}},"loc":{"start":{"line":36,"column":8},"end":{"line":39,"column":15}},"line":36}},"branchMap":{"0":{"loc":{"start":{"line":24,"column":2},"end":{"line":30,"column":3}},"type":"if","locations":[{"start":{"line":24,"column":2},"end":{"line":30,"column":3}},{"start":{},"end":{}}],"line":24}},"s":{"0":3,"1":3,"2":3,"3":2,"4":1,"5":1,"6":1,"7":1,"8":3,"9":2,"10":1,"11":900},"f":{"0":3,"1":2,"2":1,"3":1,"4":900},"b":{"0":[2,1]},"_coverageSchema":"1a1c01bbd47fc00a2c39e90264f33305004495a9","hash":"dfd5b747d430e033791c90a2a8afaf0f557d4d09"}
,"/Users/juanjoseortiz/Desktop/mi-primera-app-en-expo-cf/src/components/ChatResponse/index.tsx": {"path":"/Users/juanjoseortiz/Desktop/mi-primera-app-en-expo-cf/src/components/ChatResponse/index.tsx","statementMap":{"0":{"start":{"line":8,"column":44},"end":{"line":14,"column":1}},"1":{"start":{"line":9,"column":4},"end":{"line":13,"column":6}},"2":{"start":{"line":16,"column":15},"end":{"line":23,"column":2}}},"fnMap":{"0":{"name":"(anonymous_0)","decl":{"start":{"line":8,"column":44},"end":{"line":8,"column":45}},"loc":{"start":{"line":8,"column":62},"end":{"line":14,"column":1}},"line":8}},"branchMap":{},"s":{"0":1,"1":2,"2":1},"f":{"0":2},"b":{},"_coverageSchema":"1a1c01bbd47fc00a2c39e90264f33305004495a9","hash":"e704929a69b54530722bdd37e465021adf895f39"}
}
