{"/Users/juanjoseortiz/Desktop/mi-primera-app-en-expo-cf/src/components/BadScrollExample.tsx": {"path":"/Users/juanjoseortiz/Desktop/mi-primera-app-en-expo-cf/src/components/BadScrollExample.tsx","statementMap":{"0":{"start":{"line":5,"column":28},"end":{"line":5,"column":47}},"1":{"start":{"line":6,"column":32},"end":{"line":6,"column":46}},"2":{"start":{"line":7,"column":28},"end":{"line":7,"column":57}},"3":{"start":{"line":9,"column":2},"end":{"line":26,"column":9}},"4":{"start":{"line":10,"column":4},"end":{"line":10,"column":19}},"5":{"start":{"line":11,"column":4},"end":{"line":11,"column":21}},"6":{"start":{"line":12,"column":4},"end":{"line":24,"column":9}},"7":{"start":{"line":13,"column":21},"end":{"line":13,"column":31}},"8":{"start":{"line":16,"column":25},"end":{"line":16,"column":52}},"9":{"start":{"line":17,"column":8},"end":{"line":17,"column":27}},"10":{"start":{"line":18,"column":8},"end":{"line":18,"column":26}},"11":{"start":{"line":21,"column":8},"end":{"line":21,"column":52}},"12":{"start":{"line":22,"column":8},"end":{"line":22,"column":40}},"13":{"start":{"line":23,"column":8},"end":{"line":23,"column":26}},"14":{"start":{"line":29,"column":2},"end":{"line":37,"column":3}},"15":{"start":{"line":30,"column":4},"end":{"line":36,"column":6}},"16":{"start":{"line":39,"column":2},"end":{"line":45,"column":3}},"17":{"start":{"line":40,"column":4},"end":{"line":44,"column":6}},"18":{"start":{"line":47,"column":2},"end":{"line":57,"column":4}},"19":{"start":{"line":51,"column":8},"end":{"line":54,"column":15}}},"fnMap":{"0":{"name":"BadScrollExample","decl":{"start":{"line":4,"column":24},"end":{"line":4,"column":40}},"loc":{"start":{"line":4,"column":43},"end":{"line":58,"column":1}},"line":4},"1":{"name":"(anonymous_1)","decl":{"start":{"line":9,"column":12},"end":{"line":9,"column":13}},"loc":{"start":{"line":9,"column":18},"end":{"line":26,"column":3}},"line":9},"2":{"name":"(anonymous_2)","decl":{"start":{"line":13,"column":12},"end":{"line":13,"column":13}},"loc":{"start":{"line":13,"column":21},"end":{"line":13,"column":31}},"line":13},"3":{"name":"(anonymous_3)","decl":{"start":{"line":14,"column":12},"end":{"line":14,"column":13}},"loc":{"start":{"line":14,"column":22},"end":{"line":19,"column":7}},"line":14},"4":{"name":"(anonymous_4)","decl":{"start":{"line":20,"column":13},"end":{"line":20,"column":14}},"loc":{"start":{"line":20,"column":22},"end":{"line":24,"column":7}},"line":20},"5":{"name":"(anonymous_5)","decl":{"start":{"line":50,"column":17},"end":{"line":50,"column":18}},"loc":{"start":{"line":51,"column":8},"end":{"line":54,"column":15}},"line":51}},"branchMap":{"0":{"loc":{"start":{"line":29,"column":2},"end":{"line":37,"column":3}},"type":"if","locations":[{"start":{"line":29,"column":2},"end":{"line":37,"column":3}},{"start":{},"end":{}}],"line":29},"1":{"loc":{"start":{"line":39,"column":2},"end":{"line":45,"column":3}},"type":"if","locations":[{"start":{"line":39,"column":2},"end":{"line":45,"column":3}},{"start":{},"end":{}}],"line":39}},"s":{"0":6,"1":6,"2":6,"3":6,"4":4,"5":4,"6":4,"7":1,"8":1,"9":1,"10":1,"11":1,"12":1,"13":1,"14":6,"15":4,"16":2,"17":1,"18":1,"19":900},"f":{"0":6,"1":4,"2":1,"3":1,"4":1,"5":900},"b":{"0":[4,2],"1":[1,1]},"_coverageSchema":"1a1c01bbd47fc00a2c39e90264f33305004495a9","hash":"5799ebdd143329689eb3a1e10f08987709ec5ca9"}
,"/Users/juanjoseortiz/Desktop/mi-primera-app-en-expo-cf/src/components/ChatResponse/index.tsx": {"path":"/Users/juanjoseortiz/Desktop/mi-primera-app-en-expo-cf/src/components/ChatResponse/index.tsx","statementMap":{"0":{"start":{"line":8,"column":44},"end":{"line":14,"column":1}},"1":{"start":{"line":9,"column":4},"end":{"line":13,"column":6}},"2":{"start":{"line":16,"column":15},"end":{"line":23,"column":2}}},"fnMap":{"0":{"name":"(anonymous_0)","decl":{"start":{"line":8,"column":44},"end":{"line":8,"column":45}},"loc":{"start":{"line":8,"column":62},"end":{"line":14,"column":1}},"line":8}},"branchMap":{"0":{"loc":{"start":{"line":11,"column":13},"end":{"line":11,"column":71}},"type":"binary-expr","locations":[{"start":{"line":11,"column":13},"end":{"line":11,"column":21}},{"start":{"line":11,"column":25},"end":{"line":11,"column":71}}],"line":11}},"s":{"0":1,"1":3,"2":1},"f":{"0":3},"b":{"0":[3,2]},"_coverageSchema":"1a1c01bbd47fc00a2c39e90264f33305004495a9","hash":"c6ee8a75c0b6951f656f738f22b1c3ef4910e314"}
}
