TN:
SF:src/components/BadScrollExample.tsx
FN:4,BadScrollExample
FN:9,(anonymous_1)
FN:13,(anonymous_2)
FN:14,(anonymous_3)
FN:20,(anonymous_4)
FN:50,(anonymous_5)
FNF:6
FNH:6
FNDA:6,BadScrollExample
FNDA:4,(anonymous_1)
FNDA:1,(anonymous_2)
FNDA:1,(anonymous_3)
FNDA:1,(anonymous_4)
FNDA:900,(anonymous_5)
DA:5,6
DA:6,6
DA:7,6
DA:9,6
DA:10,4
DA:11,4
DA:12,4
DA:13,1
DA:16,1
DA:17,1
DA:18,1
DA:21,1
DA:22,1
DA:23,1
DA:29,6
DA:30,4
DA:39,2
DA:40,1
DA:47,1
DA:51,900
LF:20
LH:20
BRDA:29,0,0,4
BRDA:29,0,1,2
BRDA:39,1,0,1
BRDA:39,1,1,1
BRF:4
BRH:4
end_of_record
TN:
SF:src/components/ChatResponse/index.tsx
FN:8,(anonymous_0)
FNF:1
FNH:1
FNDA:3,(anonymous_0)
DA:8,1
DA:9,3
DA:16,1
LF:3
LH:3
BRDA:11,0,0,3
BRDA:11,0,1,2
BRF:2
BRH:2
end_of_record
