TN:
SF:src/components/BadScrollExample.tsx
FN:4,BadScrollExample
FN:8,(anonymous_1)
FN:11,(anonymous_2)
FN:12,(anonymous_3)
FN:35,(anonymous_4)
FNF:5
FNH:5
FNDA:3,BadScrollExample
FNDA:2,(anonymous_1)
FNDA:1,(anonymous_2)
FNDA:1,(anonymous_3)
FNDA:900,(anonymous_4)
DA:5,3
DA:6,3
DA:8,3
DA:10,2
DA:11,1
DA:14,1
DA:15,1
DA:16,1
DA:24,3
DA:25,2
DA:32,1
DA:36,900
LF:12
LH:12
BRDA:24,0,0,2
BRDA:24,0,1,1
BRF:2
BRH:2
end_of_record
TN:
SF:src/components/ChatResponse/index.tsx
FN:8,(anonymous_0)
FNF:1
FNH:1
FNDA:2,(anonymous_0)
DA:8,1
DA:9,2
DA:16,1
LF:3
LH:3
BRF:0
BRH:0
end_of_record
